<?xml version="1.0" encoding="UTF-8"?>
<?xml-model href="../../../oscal/src/specification/profile-resolution/example-checkup.sch" type="application/xml" schematypens="http://purl.oclc.org/dsdl/schematron"?>
<!-- Modified by conversion XSLT 2021-04-05T11:22:07.701-04:00 - RC2 OSCAL becomes RC3 OSCAL -->
<profile xmlns="http://csrc.nist.gov/ns/oscal/1.0"
         uuid="cb1ec926-3441-458f-8cce-ea11308c9d37">
   <metadata>
      <title>Test Profile</title>
      <last-modified>2020-05-30T14:39:35.84-04:00</last-modified>
      <version>2.3.4</version>
      <oscal-version>1.0.4</oscal-version>
   </metadata>
   <import href="../../../../oscal/src/specifications/profile-resolution/profile-resolution-examples/catalogs/abc-simple_catalog.xml">
      <include-controls with-child-controls="yes">
         <with-id>a1</with-id>
         <with-id>b1</with-id>
         <with-id>c1</with-id>
         <with-id>c3</with-id>
      </include-controls>
   </import>
</profile>